<?xml version="1.0" encoding="UTF-8"?>
<!-- Generated by org.testng.reporters.JUnitReportReporter -->
<testsuite skipped="0" hostname="DESKTOP-2LGS3Q3" name="generalprograms.Parameter1" tests="1" failures="0" timestamp="22 May 2018 11:34:37 GMT" time="0.013" errors="0">
  <testcase name="f" time="0.013" classname="generalprograms.Parameter1"/>
</testsuite> <!-- generalprograms.Parameter1 -->
