<?xml version="1.0" encoding="UTF-8"?>
<!-- Generated by org.testng.reporters.JUnitReportReporter -->
<testsuite skipped="0" hostname="DESKTOP-2LGS3Q3" name="generalprograms.assertions1" tests="6" failures="0" timestamp="22 May 2018 09:34:31 GMT" time="0.032" errors="0">
  <testcase name="testmethod2" time="0.001" classname="generalprograms.assertions1"/>
  <testcase name="method1" time="0.025" classname="generalprograms.assertions1"/>
  <testcase name="testmethod2" time="0.001" classname="generalprograms.assertions1"/>
  <testcase name="testmethod1" time="0.002" classname="generalprograms.assertions1"/>
  <testcase name="testmethod2" time="0.001" classname="generalprograms.assertions1"/>
  <testcase name="testmethod1" time="0.002" classname="generalprograms.assertions1"/>
</testsuite> <!-- generalprograms.assertions1 -->
