<?xml version="1.0" encoding="UTF-8"?>
<!-- Generated by org.testng.reporters.JUnitReportReporter -->
<testsuite skipped="0" hostname="DESKTOP-2LGS3Q3" name="generalprograms.TestNgAnnotations" tests="2" failures="0" timestamp="22 May 2018 06:58:49 GMT" time="0.010" errors="0">
  <testcase name="f2" time="0.004" classname="generalprograms.TestNgAnnotations"/>
  <testcase name="f" time="0.006" classname="generalprograms.TestNgAnnotations"/>
</testsuite> <!-- generalprograms.TestNgAnnotations -->
