<?xml version="1.0" encoding="UTF-8"?>
<!-- Generated by org.testng.reporters.JUnitReportReporter -->
<testsuite skipped="0" hostname="DESKTOP-2LGS3Q3" name="generalprograms.TestNgAnnotations2" tests="2" failures="0" timestamp="22 May 2018 06:04:12 GMT" time="0.003" errors="0">
  <testcase name="f2" time="0.001" classname="generalprograms.TestNgAnnotations2"/>
  <testcase name="f" time="0.002" classname="generalprograms.TestNgAnnotations2"/>
</testsuite> <!-- generalprograms.TestNgAnnotations2 -->
